app/build/intermediates/manifest_merge_blame_file/debug/manifest-merger-blame-debug-report.txt
1<?xml version="1.0" encoding="utf-8"?>
2<!--
3  ~ Copyright 2019, The Android Open Source Project
4  ~
5  ~ Licensed under the Apache License, Version 2.0 (the "License");
6  ~ you may not use this file except in compliance with the License.
7  ~ You may obtain a copy of the License at
8  ~
9  ~      http://www.apache.org/licenses/LICENSE-2.0
10  ~
11  ~ Unless required by applicable law or agreed to in writing, software
12  ~ distributed under the License is distributed on an "AS IS" BASIS,
13  ~ WITHOUT WARRANTIES OR CONDITIONS OF ANY KIND, either express or implied.
14  ~ See the License for the specific language governing permissions and
15  ~ limitations under the License.
16-->
17<manifest xmlns:android="http://schemas.android.com/apk/res/android"
18    package="com.example.android.lifecycles"
19    android:versionCode="1"
20    android:versionName="1.0" >
21
22    <uses-sdk
23        android:minSdkVersion="21"
23-->src\main\AndroidManifest.xml
24        android:targetSdkVersion="31" />
24-->src\main\AndroidManifest.xml
25
26    <uses-permission android:name="android.permission.ACCESS_FINE_LOCATION" />
26-->src\main\AndroidManifest.xml:20:5-79
26-->src\main\AndroidManifest.xml:20:22-76
27    <uses-permission android:name="android.permission.ACCESS_COARSE_LOCATION" />
27-->src\main\AndroidManifest.xml:21:5-81
27-->src\main\AndroidManifest.xml:21:22-78
28
29    <uses-feature android:name="android.hardware.location.gps" />
29-->src\main\AndroidManifest.xml:23:5-66
29-->src\main\AndroidManifest.xml:23:19-63
30
31    <application
31-->src\main\AndroidManifest.xml:25:5-48:19
32        android:allowBackup="true"
32-->src\main\AndroidManifest.xml:26:9-35
33        android:appComponentFactory="androidx.core.app.CoreComponentFactory"
33-->[androidx.core:core:1.7.0] AndroidManifest.xml:24:18-86
34        android:debuggable="true"
35        android:icon="@mipmap/ic_launcher"
35-->src\main\AndroidManifest.xml:27:9-43
36        android:label="@string/app_name"
36-->src\main\AndroidManifest.xml:28:9-41
37        android:supportsRtl="true"
37-->src\main\AndroidManifest.xml:29:9-35
38        android:theme="@style/AppTheme" >
38-->src\main\AndroidManifest.xml:30:9-40
39        <activity
39-->src\main\AndroidManifest.xml:31:9-39:20
40            android:name="com.example.android.lifecycles.View.MainActivity"
40-->src\main\AndroidManifest.xml:32:13-76
41            android:exported="true"
41-->src\main\AndroidManifest.xml:34:13-36
42            android:label="Login" >
42-->src\main\AndroidManifest.xml:33:13-34
43            <intent-filter>
43-->src\main\AndroidManifest.xml:35:13-38:29
44                <action android:name="android.intent.action.MAIN" />
44-->src\main\AndroidManifest.xml:36:17-69
44-->src\main\AndroidManifest.xml:36:25-66
45
46                <category android:name="android.intent.category.MAIN" />
46-->src\main\AndroidManifest.xml:37:17-73
46-->src\main\AndroidManifest.xml:37:27-70
47            </intent-filter>
48        </activity>
49        <activity
49-->src\main\AndroidManifest.xml:40:9-47:20
50            android:name="com.example.android.lifecycles.View.HomePageActivity"
50-->src\main\AndroidManifest.xml:41:13-80
51            android:exported="true"
51-->src\main\AndroidManifest.xml:43:13-36
52            android:label="Home" >
52-->src\main\AndroidManifest.xml:42:13-33
53            <intent-filter>
53-->src\main\AndroidManifest.xml:44:13-46:29
54                <action android:name="android.intent.action.MAIN" />
54-->src\main\AndroidManifest.xml:36:17-69
54-->src\main\AndroidManifest.xml:36:25-66
55            </intent-filter>
56        </activity>
57
58        <service
58-->[androidx.room:room-runtime:2.4.0] AndroidManifest.xml:25:9-28:40
59            android:name="androidx.room.MultiInstanceInvalidationService"
59-->[androidx.room:room-runtime:2.4.0] AndroidManifest.xml:26:13-74
60            android:directBootAware="true"
60-->[androidx.room:room-runtime:2.4.0] AndroidManifest.xml:27:13-43
61            android:exported="false" />
61-->[androidx.room:room-runtime:2.4.0] AndroidManifest.xml:28:13-37
62
63        <provider
63-->[androidx.emoji2:emoji2:1.0.0] AndroidManifest.xml:26:9-34:20
64            android:name="androidx.startup.InitializationProvider"
64-->[androidx.emoji2:emoji2:1.0.0] AndroidManifest.xml:27:13-67
65            android:authorities="com.example.android.lifecycles.androidx-startup"
65-->[androidx.emoji2:emoji2:1.0.0] AndroidManifest.xml:28:13-68
66            android:exported="false" >
66-->[androidx.emoji2:emoji2:1.0.0] AndroidManifest.xml:29:13-37
67            <meta-data
67-->[androidx.emoji2:emoji2:1.0.0] AndroidManifest.xml:31:13-33:52
68                android:name="androidx.emoji2.text.EmojiCompatInitializer"
68-->[androidx.emoji2:emoji2:1.0.0] AndroidManifest.xml:32:17-75
69                android:value="androidx.startup" />
69-->[androidx.emoji2:emoji2:1.0.0] AndroidManifest.xml:33:17-49
70            <meta-data
70-->[androidx.lifecycle:lifecycle-process:2.4.0] AndroidManifest.xml:31:13-33:52
71                android:name="androidx.lifecycle.ProcessLifecycleInitializer"
71-->[androidx.lifecycle:lifecycle-process:2.4.0] AndroidManifest.xml:32:17-78
72                android:value="androidx.startup" />
72-->[androidx.lifecycle:lifecycle-process:2.4.0] AndroidManifest.xml:33:17-49
73        </provider>
74    </application>
75
76</manifest>